<?xml version="1.0" encoding="UTF-8"?>
<!-- Generated by org.testng.reporters.JUnitXMLReporter -->
<testsuite hostname="RoryMcCann" ignored="0" name="Test" tests="9" failures="1" timestamp="03 Dec 2022 17:48:53 GMT" time="0.418" errors="0">
  <testcase name="tc2" time="0.033" classname="ReRunFailedTestCases.AutomaticReRunAllMayFaill"/>
  <testcase name="tc3" time="0.008" classname="ReRunFailedTestCases.AutomaticReRunAllMayFaill"/>
  <testcase name="tc4" time="0.011" classname="ReRunFailedTestCases.AutomaticReRunAllMayFaill"/>
  <testcase name="tc5" time="0.02" classname="ReRunFailedTestCases.AutomaticReRunAllMayFaill">
    <skipped/>
  </testcase> <!-- tc5 -->
  <testcase name="tc5" time="0.009" classname="ReRunFailedTestCases.AutomaticReRunAllMayFaill">
    <skipped/>
  </testcase> <!-- tc5 -->
  <testcase name="tc5" time="0.011" classname="ReRunFailedTestCases.AutomaticReRunAllMayFaill">
    <skipped/>
  </testcase> <!-- tc5 -->
  <testcase name="tc5" time="0.007" classname="ReRunFailedTestCases.AutomaticReRunAllMayFaill">
    <skipped/>
  </testcase> <!-- tc5 -->
  <testcase name="tc5" time="0.007" classname="ReRunFailedTestCases.AutomaticReRunAllMayFaill">
    <failure type="java.lang.AssertionError" message="expected [true] but found [false]">
      <![CDATA[java.lang.AssertionError: expected [true] but found [false]
at ReRunFailedTestCases.AutomaticReRunAllMayFaill.tc5(AutomaticReRunAllMayFaill.java:31)
... Removed 29 stack frames]]>
    </failure>
  </testcase> <!-- tc5 -->
  <testcase name="tcl" time="0.005" classname="ReRunFailedTestCases.AutomaticReRunAllMayFaill"/>
</testsuite> <!-- Test -->
